<?xml version="1.0" encoding="UTF-8"?>
<!-- Generated by org.testng.reporters.JUnitReportReporter -->
<testsuite hostname="VishnuPriya" failures="0" tests="2" name="com.simpletest.SimpleTest" time="0.012" errors="0" timestamp="2025-09-16T11:42:29 IST" skipped="0">
  <testcase classname="com.simpletest.SimpleTest" name="testAddition" time="0.011"/>
  <testcase classname="com.simpletest.SimpleTest" name="testSubtraction" time="0.001"/>
</testsuite> <!-- com.simpletest.SimpleTest -->
